<?xml version="1.0" encoding="UTF-8"?>
<coverage generated="1694475920957" clover="3.2.0">
  <project timestamp="1694475920957" name="All files">
    <metrics statements="8" coveredstatements="8" conditionals="6" coveredconditionals="6" methods="2" coveredmethods="2" elements="16" coveredelements="16" complexity="0" loc="8" ncloc="8" packages="1" files="2" classes="2"/>
    <file name="request.js" path="/home/yanz/Desktop/unit-testing/framework-environment/request.js">
      <metrics statements="4" coveredstatements="4" conditionals="2" coveredconditionals="2" methods="1" coveredmethods="1"/>
      <line num="2" count="2" type="cond" truecount="2" falsecount="0"/>
      <line num="3" count="1" type="stmt"/>
      <line num="6" count="1" type="stmt"/>
      <line num="11" count="1" type="stmt"/>
    </file>
    <file name="sum.js" path="/home/yanz/Desktop/unit-testing/framework-environment/sum.js">
      <metrics statements="4" coveredstatements="4" conditionals="4" coveredconditionals="4" methods="1" coveredmethods="1"/>
      <line num="2" count="4" type="cond" truecount="4" falsecount="0"/>
      <line num="3" count="2" type="stmt"/>
      <line num="5" count="2" type="stmt"/>
      <line num="8" count="1" type="stmt"/>
    </file>
  </project>
</coverage>
